;;; 
Export: Release 12.1.0.2.0 - Production on Tue Nov 28 07:17:33 2017

Copyright (c) 1982, 2014, Oracle and/or its affiliates.  All rights reserved.
;;; 
Connected to: Oracle Database 12c Enterprise Edition Release 12.1.0.2.0 - 64bit Production
With the Partitioning, OLAP, Advanced Analytics and Real Application Testing options
Starting "TEST_USER_TT"."SYS_EXPORT_SCHEMA_01":  test_user_tt/******** schemas=TEST_USER_TT directory=EXPORTIMPORT dumpfile=DumpSCHEMAS.dmp logfile=ExportSCHEMAS.log 
Estimate in progress using BLOCKS method...
Processing object type SCHEMA_EXPORT/TABLE/TABLE_DATA
Total estimation using BLOCKS method: 0 KB
Processing object type SCHEMA_EXPORT/USER
Processing object type SCHEMA_EXPORT/SYSTEM_GRANT
Processing object type SCHEMA_EXPORT/ROLE_GRANT
Processing object type SCHEMA_EXPORT/DEFAULT_ROLE
Processing object type SCHEMA_EXPORT/TABLESPACE_QUOTA
Processing object type SCHEMA_EXPORT/PRE_SCHEMA/PROCACT_SCHEMA
Processing object type SCHEMA_EXPORT/TABLE/TABLE
Processing object type SCHEMA_EXPORT/TABLE/COMMENT
Processing object type SCHEMA_EXPORT/TABLE/INDEX/INDEX
Processing object type SCHEMA_EXPORT/TABLE/CONSTRAINT/CONSTRAINT
Processing object type SCHEMA_EXPORT/TABLE/INDEX/STATISTICS/INDEX_STATISTICS
Processing object type SCHEMA_EXPORT/TABLE/STATISTICS/TABLE_STATISTICS
Processing object type SCHEMA_EXPORT/STATISTICS/MARKER
Master table "TEST_USER_TT"."SYS_EXPORT_SCHEMA_01" successfully loaded/unloaded
******************************************************************************
Dump file set for TEST_USER_TT.SYS_EXPORT_SCHEMA_01 is:
  /media/sf_Valeryia_Lupanava/DumpSCHEMAS.dmp
Job "TEST_USER_TT"."SYS_EXPORT_SCHEMA_01" successfully completed at Tue Nov 28 07:18:21 2017 elapsed 0 00:00:44
