

 LOG file opened at 11/27/17 10:26:07

KUP-05004:   Warning: Intra source concurrency disabled because parallel select was not requested.

Field Definitions for table EXT_STORES
  Record format DELIMITED BY NEWLINE
  Data in file has same endianness as the platform
  Rows with all null fields are accepted

  Fields in Data Source: 

    STORE_CODE                      CHAR (800)
      Terminated by ","
      Trim whitespace same as SQL Loader
    STORE_NAME                      CHAR (255)
      Terminated by ","
      Trim whitespace same as SQL Loader
    MANAGER_ID                      CHAR (255)
      Terminated by ","
      Trim whitespace same as SQL Loader
    PHONE                           CHAR (255)
      Terminated by ","
      Trim whitespace same as SQL Loader
    ADDRESS                         CHAR (255)
      Terminated by ","
      Trim whitespace same as SQL Loader
    CITY                            CHAR (255)
      Terminated by ","
      Trim whitespace same as SQL Loader
    COUNTRY_ID                      CHAR (255)
      Terminated by ","
      Trim whitespace same as SQL Loader
