

 LOG file opened at 11/29/17 06:21:07

KUP-05004:   Warning: Intra source concurrency disabled because parallel select was not requested.

Field Definitions for table EXT_PRODUCTS
  Record format DELIMITED BY NEWLINE
  Data in file has same endianness as the platform
  Rows with all null fields are accepted

  Fields in Data Source: 

    PRODUCT_ID                      CHAR (1200)
      Terminated by ","
      Trim whitespace same as SQL Loader
    PRODUCT_NAME                    CHAR (300)
      Terminated by ","
      Trim whitespace same as SQL Loader
    LINE_NAME                       CHAR (1200)
      Terminated by ","
      Trim whitespace same as SQL Loader
    COLLECTION_NAME                 CHAR (1200)
      Terminated by ","
      Trim whitespace same as SQL Loader
    PRODUCT_TYPE                    CHAR (1200)
      Terminated by ","
      Trim whitespace same as SQL Loader
    COLOR                           CHAR (1200)
      Terminated by ","
      Trim whitespace same as SQL Loader
    PANTY_SIZE_ID                   CHAR (1200)
      Terminated by ","
      Trim whitespace same as SQL Loader
    PRICE                           CHAR (1200)
      Terminated by ","
      Trim whitespace same as SQL Loader
    BALANCE                         CHAR (1200)
      Terminated by ","
      Trim whitespace same as SQL Loader
    START_DT                        CHAR (255)
      Terminated by ","
      Trim whitespace same as SQL Loader
    END_DT                          CHAR (255)
      Terminated by ","
      Trim whitespace same as SQL Loader
    IS_ACTIVE                       CHAR (1200)
      Terminated by ","
      Trim whitespace same as SQL Loader

  Column Transformations

Date Cache Statistics for table EXT_PRODUCTS
  Max Size:      1000
  Entries :        60
  Hits    :        60
  Misses  :         0

