

 LOG file opened at 11/27/17 07:21:44

KUP-05004:   Warning: Intra source concurrency disabled because parallel select was not requested.

Field Definitions for table EXT_BRA_SIZES
  Record format DELIMITED BY NEWLINE
  Data in file has same endianness as the platform
  Rows with all null fields are accepted

  Fields in Data Source: 

    BRA_SIZE_CODE                   CHAR (255)
      Terminated by ","
      Trim whitespace same as SQL Loader
    BRA_SIZE_UK                     CHAR (800)
      Terminated by ","
      Trim whitespace same as SQL Loader
    BRA_SIZE_USA                    CHAR (800)
      Terminated by ","
      Trim whitespace same as SQL Loader
    BRA_SIZE_EU                     CHAR (800)
      Terminated by ","
      Trim whitespace same as SQL Loader
    BRA_SIZE_FR                     CHAR (800)
      Terminated by ","
      Trim whitespace same as SQL Loader
    BRA_SIZE_UIE                    CHAR (800)
      Terminated by ","
      Trim whitespace same as SQL Loader
